
==================================================
[周五 2026/07/17  9:06:36.13] Starting Vibe-Trading...
time="2026-07-17T09:06:37+08:00" level=warning msg="No services to build"
 Container vibe-trading-vibe-trading-1 Running 
[周五 2026/07/17  9:06:48.41] Startup completed.

==================================================
[周六 2026/07/18 18:19:56.23] Starting Vibe-Trading...
time="2026-07-18T18:20:13+08:00" level=warning msg="No services to build"
 Container vibe-trading-vibe-trading-1 Running 
[周六 2026/07/18 18:20:37.51] Startup completed.

==================================================
[周六 2026/07/18 22:15:00.37] Starting Vibe-Trading...
time="2026-07-18T22:15:20+08:00" level=warning msg="No services to build"
 Container vibe-trading-vibe-trading-1 Running 
[周六 2026/07/18 22:15:56.51] Startup completed.

==================================================
[周日 2026/07/19 22:56:43.24] Starting Vibe-Trading...
time="2026-07-19T22:56:56+08:00" level=warning msg="No services to build"
 Container vibe-trading-vibe-trading-1 Running 
[周日 2026/07/19 22:57:08.38] Startup completed.

==================================================
[周一 2026/07/20  9:10:22.58] Starting Vibe-Trading...
time="2026-07-20T09:10:23+08:00" level=warning msg="No services to build"
 Container vibe-trading-vibe-trading-1 Running 
[周一 2026/07/20  9:10:28.28] Startup completed.

==================================================
[周一 2026/07/20 11:35:17.84] Starting Vibe-Trading...
time="2026-07-20T11:35:18+08:00" level=warning msg="No services to build"
 Container vibe-trading-vibe-trading-1 Running 
[周一 2026/07/20 11:35:23.31] Startup completed.
